2025-09-01 11:13:33,654 - a - INFO - Inicializando entrenador para a
2025-09-01 11:13:33,654 - a - INFO - Dispositivo: cpu
2025-09-01 11:13:33,655 - a - INFO - Pesos de clase: [1.  1.  0.3]
2025-09-01 11:13:33,655 - a - INFO - ================================================================================
2025-09-01 11:13:33,656 - a - INFO - REENTRENANDO A
2025-09-01 11:13:33,656 - a - INFO - ================================================================================
2025-09-01 11:13:33,656 - a - INFO - Cargando datos desde: data_corrected\weather_classification_CloudySunny_corrected.csv
2025-09-01 11:13:33,712 - a - INFO - Forma del dataset: (13200, 22)
2025-09-01 11:13:33,715 - a - INFO - Características: 18
2025-09-01 11:13:33,716 - a - INFO - Clases: ['Weather Type_Cloudy', 'Weather Type_Sunny', 'Weather Type_Other']
2025-09-01 11:13:33,716 - a - INFO - Distribución de clases: [3300 3300 6600]
2025-09-01 11:13:33,725 - a - INFO - 
División de datos:
2025-09-01 11:13:33,725 - a - INFO -   - Train: 9537 muestras
2025-09-01 11:13:33,726 - a - INFO -   - Val: 1683 muestras
2025-09-01 11:13:33,726 - a - INFO -   - Test: 1980 muestras
2025-09-01 11:13:35,989 - a - INFO - Iniciando entrenamiento...
2025-09-01 11:13:37,625 - a - INFO - Epoch [0/150] - Loss: 0.4044/0.3587 - Acc: 0.7948/0.8503 - Target Acc: 0.8476/0.9216 - Other Acc: 0.4744/0.7788
2025-09-01 11:13:53,943 - a - INFO - Epoch [10/150] - Loss: 0.1332/0.2100 - Acc: 0.9262/0.8865 - Target Acc: 0.9422/0.9347 - Other Acc: 0.8351/0.8383
2025-09-01 11:14:10,115 - a - INFO - Epoch [20/150] - Loss: 0.1168/0.2233 - Acc: 0.9354/0.8841 - Target Acc: 0.9525/0.9430 - Other Acc: 0.8325/0.8252
2025-09-01 11:14:23,353 - a - INFO - Early stopping en epoch 28
2025-09-01 11:14:23,361 - a - INFO - Modelo guardado en: outputs/retrained_a\a_corrected.pt
2025-09-01 11:14:24,829 - a - INFO - Gráficos guardados en: outputs/retrained_a\training_history.png
2025-09-01 11:14:24,912 - a - INFO - 
Reporte de clasificación:
2025-09-01 11:14:24,920 - a - INFO -                      precision    recall  f1-score   support

Weather Type_Cloudy       0.75      0.95      0.84       495
 Weather Type_Sunny       0.87      0.95      0.91       495
 Weather Type_Other       1.00      0.82      0.90       990

           accuracy                           0.88      1980
          macro avg       0.87      0.91      0.88      1980
       weighted avg       0.90      0.88      0.89      1980

2025-09-01 11:14:25,427 - a - INFO - 
================================================================================
2025-09-01 11:14:25,427 - a - INFO - RESUMEN DEL REENTRENAMIENTO
2025-09-01 11:14:25,428 - a - INFO - ================================================================================
2025-09-01 11:14:25,428 - a - INFO - Modelo: a
2025-09-01 11:14:25,429 - a - INFO - Mejor precisión en validación (general): 0.8954
2025-09-01 11:14:25,429 - a - INFO - Mejor precisión en validación (clases objetivo): 0.9454
2025-09-01 11:14:25,429 - a - INFO - Precisión en test (general): 0.8838
2025-09-01 11:14:25,429 - a - INFO - Modelo guardado en: outputs/retrained_a\a_corrected.pt
2025-09-01 11:14:25,431 - b - INFO - Inicializando entrenador para b
2025-09-01 11:14:25,431 - b - INFO - Dispositivo: cpu
2025-09-01 11:14:25,432 - b - INFO - Pesos de clase: [1.  1.  0.3]
2025-09-01 11:14:25,432 - b - INFO - ================================================================================
2025-09-01 11:14:25,433 - b - INFO - REENTRENANDO B
2025-09-01 11:14:25,433 - b - INFO - ================================================================================
2025-09-01 11:14:25,433 - b - INFO - Cargando datos desde: data_corrected\weather_classification_RainySnowy_corrected.csv
2025-09-01 11:14:25,481 - b - INFO - Forma del dataset: (13200, 22)
2025-09-01 11:14:25,484 - b - INFO - Características: 18
2025-09-01 11:14:25,484 - b - INFO - Clases: ['Weather Type_Rainy', 'Weather Type_Snowy', 'Weather Type_Other']
2025-09-01 11:14:25,485 - b - INFO - Distribución de clases: [3300 3300 6600]
2025-09-01 11:14:25,497 - b - INFO - 
División de datos:
2025-09-01 11:14:25,497 - b - INFO -   - Train: 9537 muestras
2025-09-01 11:14:25,497 - b - INFO -   - Val: 1683 muestras
2025-09-01 11:14:25,498 - b - INFO -   - Test: 1980 muestras
2025-09-01 11:14:25,501 - b - INFO - Iniciando entrenamiento...
2025-09-01 11:14:27,134 - b - INFO - Epoch [0/150] - Loss: 0.3494/0.3814 - Acc: 0.7907/0.8544 - Target Acc: 0.8582/0.9276 - Other Acc: 0.3657/0.7812
2025-09-01 11:14:43,407 - b - INFO - Epoch [10/150] - Loss: 0.0919/0.1856 - Acc: 0.9396/0.8883 - Target Acc: 0.9582/0.9525 - Other Acc: 0.8313/0.8240
2025-09-01 11:15:00,467 - b - INFO - Epoch [20/150] - Loss: 0.0865/0.1959 - Acc: 0.9474/0.8948 - Target Acc: 0.9639/0.9561 - Other Acc: 0.8475/0.8335
2025-09-01 11:15:17,162 - b - INFO - Epoch [30/150] - Loss: 0.0852/0.1803 - Acc: 0.9503/0.9049 - Target Acc: 0.9683/0.9584 - Other Acc: 0.8472/0.8514
2025-09-01 11:15:33,633 - b - INFO - Epoch [40/150] - Loss: 0.0728/0.2027 - Acc: 0.9588/0.9103 - Target Acc: 0.9749/0.9584 - Other Acc: 0.8628/0.8621
2025-09-01 11:15:43,562 - b - INFO - Early stopping en epoch 46
2025-09-01 11:15:43,566 - b - INFO - Modelo guardado en: outputs/retrained_b\b_corrected.pt
2025-09-01 11:15:45,168 - b - INFO - Gráficos guardados en: outputs/retrained_b\training_history.png
2025-09-01 11:15:45,260 - b - INFO - 
Reporte de clasificación:
2025-09-01 11:15:45,269 - b - INFO -                     precision    recall  f1-score   support

Weather Type_Rainy       0.81      0.95      0.87       495
Weather Type_Snowy       0.87      0.94      0.90       495
Weather Type_Other       1.00      0.87      0.93       990

          accuracy                           0.91      1980
         macro avg       0.89      0.92      0.90      1980
      weighted avg       0.92      0.91      0.91      1980

2025-09-01 11:15:45,746 - b - INFO - 
================================================================================
2025-09-01 11:15:45,748 - b - INFO - RESUMEN DEL REENTRENAMIENTO
2025-09-01 11:15:45,748 - b - INFO - ================================================================================
2025-09-01 11:15:45,748 - b - INFO - Modelo: b
2025-09-01 11:15:45,749 - b - INFO - Mejor precisión en validación (general): 0.9127
2025-09-01 11:15:45,749 - b - INFO - Mejor precisión en validación (clases objetivo): 0.9608
2025-09-01 11:15:45,749 - b - INFO - Precisión en test (general): 0.9061
2025-09-01 11:15:45,750 - b - INFO - Modelo guardado en: outputs/retrained_b\b_corrected.pt
